<?xml version="1.0" encoding="UTF-8"?>
<beans xmlns="http://www.springframework.org/schema/beans"
       xmlns:xsi="http://www.w3.org/2001/XMLSchema-instance"
       xmlns:p="http://www.springframework.org/schema/p"
       xmlns:context="http://www.springframework.org/schema/context"
       xsi:schemaLocation="http://www.springframework.org/schema/context
          http://www.springframework.org/schema/context/spring-context-3.1.xsd
          http://www.springframework.org/schema/beans
          http://www.springframework.org/schema/beans/spring-beans-3.1.xsd">

    <bean id="propertyConfigurer"
          class="org.springframework.beans.factory.config.PropertyPlaceholderConfigurer"
          p:location="classpath:/config/mongodb/embeddedDb.properties"/>

    <bean id="embeddedMongoDbFactory"
          class="com.git.server.storage.mongo.utils.EmbeddedMongoDbFactory">
        <property name="databaseName" value="${db.dbName}"/>
        <property name="databaseHost" value="${db.host}"/>
        <property name="databasePort" value="${db.port}"/>
    </bean>

    <bean id="mongoTemplate" class="org.springframework.data.mongodb.core.MongoTemplate">
        <constructor-arg name="mongoDbFactory" ref="embeddedMongoDbFactory"/>
    </bean>

    <bean class="com.git.server.storage.mongo.utils.CascadingMongoEventListener"/>

    <!-- To translate any MongoExceptions thrown in @Repository annotated classes -->
    <context:annotation-config/>

</beans>